============================================================
  Generated by:           Genus(TM) Synthesis Solution 19.13-s073_1
  Generated on:           Mar 17 2024  04:17:15 pm
  Module:                 bound_flasher
  Technology libraries:   slow_1v0 
                          pll 0.0
                          CDK_S128x16 0.0
                          CDK_S256x16 0.0
                          CDK_R512x16 0.0
                          physical_cells 
  Operating conditions:   slow 
  Interconnect mode:      global
  Area mode:              physical library
============================================================

Timing
--------

Clock Period 
-------------
clk    800.0 


  Cost    Critical         Violating 
 Group   Path Slack  TNS     Paths   
-------------------------------------
clk             0.5   0.0          0 
default    No paths   0.0            
-------------------------------------
Total                 0.0          0 

Instance Count
--------------
Leaf Instance Count             80 
Physical Instance count          0 
Sequential Instance Count       22 
Combinational Instance Count    58 
Hierarchical Instance Count      0 

Area
----
Cell Area                          239.400
Physical Cell Area                 0.000
Total Cell Area (Cell+Physical)    239.400
Net Area                           107.820
Total Area (Cell+Physical+Net)     347.220

Runtime                            0.0 seconds
Elapsed Runtime                    45 seconds
Genus peak memory usage            1014.52 
Innovus peak memory usage          no_value 
Hostname                           localhost
